




2026-02-16T00:56:17Z Bitcoin Core version v30.2.0 (release build)
2026-02-16T00:56:17Z Using the 'sse4(1way);sse41(4way);avx2(8way)' SHA256 implementation
2026-02-16T00:56:18Z Using RdSeed as an additional entropy source
2026-02-16T00:56:18Z Using RdRand as an additional entropy source
2026-02-16T00:56:18Z Default data directory /home/bitcoin/.bitcoin
2026-02-16T00:56:18Z Using data directory /home/bitcoin/.bitcoin
2026-02-16T00:56:18Z Config file: /home/bitcoin/.bitcoin/bitcoin.conf (not found, skipping)
2026-02-16T00:56:18Z Using at most 125 automatic connections (524288 file descriptors available)
2026-02-16T00:56:18Z scheduler thread start
2026-02-16T00:56:18Z Binding RPC on address ::1 port 8332
2026-02-16T00:56:18Z Binding RPC on address 127.0.0.1 port 8332
2026-02-16T00:56:18Z Generated RPC authentication cookie /home/bitcoin/.bitcoin/.cookie
2026-02-16T00:56:18Z Permissions used for cookie: rw-------
2026-02-16T00:56:18Z Using random cookie authentication.
2026-02-16T00:56:18Z Starting HTTP server with 16 worker threads
2026-02-16T00:56:18Z Using wallet directory /home/bitcoin/.bitcoin/wallets
2026-02-16T00:56:18Z init message: Verifying wallet(s)…
2026-02-16T00:56:18Z Using /16 prefix for IP bucketing
2026-02-16T00:56:18Z init message: Loading P2P addresses…
2026-02-16T00:56:18Z Creating peers.dat because the file was not found ("/home/bitcoin/.bitcoin/peers.dat")
2026-02-16T00:56:18Z init message: Loading banlist…
2026-02-16T00:56:18Z Recreating the banlist database
2026-02-16T00:56:18Z SetNetworkActive: true
2026-02-16T00:56:18Z /home/bitcoin/.bitcoin/fee_estimates.dat is not found. Continue anyway.
2026-02-16T00:56:18Z Cache configuration:
2026-02-16T00:56:18Z * Using 2.0 MiB for block index database
2026-02-16T00:56:18Z * Using 8.0 MiB for chain state database
2026-02-16T00:56:18Z * Using 440.0 MiB for in-memory UTXO set (plus up to 286.1 MiB of unused mempool space)
2026-02-16T00:56:18Z Script verification uses 3 additional threads
2026-02-16T00:56:18Z Using obfuscation key for blocksdir *.dat files (/home/bitcoin/.bitcoin/blocks): '29d7dd0be2eeb25a'
2026-02-16T00:56:18Z Opening LevelDB in /home/bitcoin/.bitcoin/blocks/index
2026-02-16T00:56:18Z Opened LevelDB successfully
2026-02-16T00:56:18Z Using obfuscation key for /home/bitcoin/.bitcoin/blocks/index: 0000000000000000
2026-02-16T00:56:18Z Using 16 MiB out of 16 MiB requested for signature cache, able to store 524288 elements
2026-02-16T00:56:18Z Using 16 MiB out of 16 MiB requested for script execution cache, able to store 524288 elements
2026-02-16T00:56:18Z init message: Loading block index…
2026-02-16T00:56:18Z Assuming ancestors of block 00000000000000000000611fd22f2df7c8fbd0688745c3a6c3bb5109cc2a12cb have valid signatures.
2026-02-16T00:56:18Z Setting nMinimumChainWork=0000000000000000000000000000000000000000dee8e2a309ad8a9820433c68
2026-02-16T00:56:18Z Loading block index db: last block file = 0
2026-02-16T00:56:18Z Loading block index db: last block file info: CBlockFileInfo(blocks=0, size=0, heights=0...0, time=1970-01-01...1970-01-01)
2026-02-16T00:56:18Z Checking all blk files are present...
2026-02-16T00:56:18Z Initializing chainstate Chainstate [ibd] @ height -1 (null)
2026-02-16T00:56:18Z Opening LevelDB in /home/bitcoin/.bitcoin/chainstate
2026-02-16T00:56:18Z Opened LevelDB successfully
2026-02-16T00:56:18Z Wrote new obfuscation key for /home/bitcoin/.bitcoin/chainstate: ff906d4bcabe11bd
2026-02-16T00:56:18Z Using obfuscation key for /home/bitcoin/.bitcoin/chainstate: ff906d4bcabe11bd
2026-02-16T00:56:18Z init message: Verifying blocks…
2026-02-16T00:56:18Z Block index and chainstate loaded
2026-02-16T00:56:18Z Setting NODE_NETWORK on non-prune mode
2026-02-16T00:56:18Z [warning] Disk space for "/home/bitcoin/.bitcoin/blocks" may not accommodate the block files. Approximately 810 GB of data will be stored in this directory.
2026-02-16T00:56:18Z initload thread start
2026-02-16T00:56:18Z UpdateTip: new best=000000000019d6689c085ae165831e934ff763ae46a2a6c172b3f1b60a8ce26f height=0 version=0x00000001 log2_work=32.000022 tx=1 date='2009-01-03T18:15:05Z' progress=0.000000 cache=0.3MiB(0txo)
2026-02-16T00:56:18Z block tree size = 1
2026-02-16T00:56:18Z nBestHeight = 0
2026-02-16T00:56:18Z Failed to open mempool file. Continuing anyway.
2026-02-16T00:56:18Z initload thread exit
2026-02-16T00:56:18Z torcontrol thread start
2026-02-16T00:56:18Z mapport thread start
2026-02-16T00:56:18Z Bound to 127.0.0.1:8334
2026-02-16T00:56:18Z Bound to [::]:8333
2026-02-16T00:56:18Z Bound to 0.0.0.0:8333
2026-02-16T00:56:18Z 0 block-relay-only anchors will be tried for connections.
2026-02-16T00:56:18Z init message: Starting network threads…
2026-02-16T00:56:18Z addcon thread start
2026-02-16T00:56:18Z opencon thread start
2026-02-16T00:56:18Z net thread start
2026-02-16T00:56:18Z msghand thread start
2026-02-16T00:56:18Z init message: Done loading
2026-02-16T00:56:18Z dnsseed thread start
2026-02-16T00:56:18Z Loading addresses from DNS seed dnsseed.emzy.de.
2026-02-16T00:56:19Z Loading addresses from DNS seed seed.mainnet.achownodes.xyz.
2026-02-16T00:56:19Z Loading addresses from DNS seed seed.bitcoin.sprovoost.nl.
2026-02-16T00:56:19Z Loading addresses from DNS seed seed.bitcoin.jonasschnelli.ch.
2026-02-16T00:56:19Z New outbound-full-relay v1 peer connected: version: 70016, blocks=936818, peer=0
2026-02-16T00:56:20Z Loading addresses from DNS seed seed.btc.petertodd.net.
2026-02-16T00:56:20Z Loading addresses from DNS seed seed.bitcoin.sipa.be.
2026-02-16T00:56:20Z Loading addresses from DNS seed seed.bitcoin.wiz.biz.
2026-02-16T00:56:20Z Pre-synchronizing blockheaders, height: 2000 (~0.22%)
2026-02-16T00:56:20Z Loading addresses from DNS seed dnsseed.bluematt.me.
2026-02-16T00:56:20Z 136 addresses found from DNS seeds
2026-02-16T00:56:20Z dnsseed thread exit
2026-02-16T00:56:20Z Pre-synchronizing blockheaders, height: 4000 (~0.45%)
2026-02-16T00:56:21Z New addr-fetch v2 peer connected: version: 70016, blocks=936818, peer=2
2026-02-16T00:56:21Z Pre-synchronizing blockheaders, height: 6000 (~0.67%)
2026-02-16T00:56:21Z Pre-synchronizing blockheaders, height: 8000 (~0.89%)
2026-02-16T00:56:21Z New outbound-full-relay v1 peer connected: version: 70016, blocks=936818, peer=3
2026-02-16T00:56:22Z Pre-synchronizing blockheaders, height: 10000 (~1.11%)
2026-02-16T00:56:22Z Pre-synchronizing blockheaders, height: 12000 (~1.34%)
2026-02-16T00:56:22Z Pre-synchronizing blockheaders, height: 14000 (~1.56%)
2026-02-16T00:56:23Z Pre-synchronizing blockheaders, height: 18000 (~2.01%)
2026-02-16T00:56:23Z Pre-synchronizing blockheaders, height: 22000 (~2.48%)
2026-02-16T00:56:23Z Pre-synchronizing blockheaders, height: 24000 (~2.71%)
2026-02-16T00:56:24Z Pre-synchronizing blockheaders, height: 26000 (~2.94%)
2026-02-16T00:56:24Z Pre-synchronizing blockheaders, height: 28000 (~3.18%)
2026-02-16T00:56:25Z Pre-synchronizing blockheaders, height: 30000 (~3.41%)
2026-02-16T00:56:25Z Pre-synchronizing blockheaders, height: 32000 (~3.63%)
2026-02-16T00:56:25Z Pre-synchronizing blockheaders, height: 34000 (~3.86%)
2026-02-16T00:56:26Z Pre-synchronizing blockheaders, height: 36000 (~4.09%)
2026-02-16T00:56:26Z Pre-synchronizing blockheaders, height: 38000 (~4.31%)
2026-02-16T00:56:26Z Pre-synchronizing blockheaders, height: 40000 (~4.54%)
2026-02-16T00:56:27Z Pre-synchronizing blockheaders, height: 42000 (~4.76%)
2026-02-16T00:56:27Z Pre-synchronizing blockheaders, height: 44000 (~4.98%)
2026-02-16T00:56:27Z Pre-synchronizing blockheaders, height: 46000 (~5.21%)
2026-02-16T00:56:28Z Pre-synchronizing blockheaders, height: 48000 (~5.43%)
2026-02-16T00:56:28Z Pre-synchronizing blockheaders, height: 50000 (~5.66%)
2026-02-16T00:56:28Z Pre-synchronizing blockheaders, height: 52000 (~5.88%)
2026-02-16T00:56:29Z Pre-synchronizing blockheaders, height: 54000 (~6.10%)
2026-02-16T00:56:29Z Pre-synchronizing blockheaders, height: 56000 (~6.33%)
2026-02-16T00:56:29Z Pre-synchronizing blockheaders, height: 58000 (~6.55%)
2026-02-16T00:56:30Z Pre-synchronizing blockheaders, height: 60000 (~6.78%)
2026-02-16T00:56:30Z Pre-synchronizing blockheaders, height: 62000 (~7.00%)
2026-02-16T00:56:30Z Pre-synchronizing blockheaders, height: 64000 (~7.23%)
2026-02-16T00:56:31Z Pre-synchronizing blockheaders, height: 66000 (~7.45%)
2026-02-16T00:56:31Z Pre-synchronizing blockheaders, height: 68000 (~7.66%)
2026-02-16T00:56:31Z Pre-synchronizing blockheaders, height: 70000 (~7.88%)
2026-02-16T00:56:32Z Pre-synchronizing blockheaders, height: 72000 (~8.10%)
2026-02-16T00:56:32Z Pre-synchronizing blockheaders, height: 74000 (~8.32%)
2026-02-16T00:56:32Z Pre-synchronizing blockheaders, height: 76000 (~8.54%)
2026-02-16T00:56:33Z Pre-synchronizing blockheaders, height: 78000 (~8.76%)
2026-02-16T00:56:33Z Pre-synchronizing blockheaders, height: 80000 (~8.98%)
2026-02-16T00:56:34Z Pre-synchronizing blockheaders, height: 82000 (~9.20%)
2026-02-16T00:56:34Z Pre-synchronizing blockheaders, height: 84000 (~9.42%)
2026-02-16T00:56:34Z Pre-synchronizing blockheaders, height: 86000 (~9.64%)
2026-02-16T00:56:35Z Pre-synchronizing blockheaders, height: 88000 (~9.85%)
2026-02-16T00:56:35Z Pre-synchronizing blockheaders, height: 90000 (~10.07%)
2026-02-16T00:56:35Z Pre-synchronizing blockheaders, height: 92000 (~10.29%)
2026-02-16T00:56:36Z Pre-synchronizing blockheaders, height: 94000 (~10.51%)
2026-02-16T00:56:36Z Pre-synchronizing blockheaders, height: 96000 (~10.72%)
2026-02-16T00:56:36Z Pre-synchronizing blockheaders, height: 98000 (~10.94%)
2026-02-16T00:56:37Z Pre-synchronizing blockheaders, height: 100000 (~11.16%)
2026-02-16T00:56:37Z Pre-synchronizing blockheaders, height: 102000 (~11.38%)
2026-02-16T00:56:37Z Pre-synchronizing blockheaders, height: 104000 (~11.60%)
2026-02-16T00:56:38Z Pre-synchronizing blockheaders, height: 108000 (~12.04%)
2026-02-16T00:56:38Z Pre-synchronizing blockheaders, height: 112000 (~12.47%)
2026-02-16T00:56:39Z Pre-synchronizing blockheaders, height: 116000 (~12.91%)
2026-02-16T00:56:39Z New outbound-full-relay v1 peer connected: version: 70016, blocks=936818, peer=4
2026-02-16T00:56:39Z Pre-synchronizing blockheaders, height: 120000 (~13.35%)
2026-02-16T00:56:39Z Pre-synchronizing blockheaders, height: 124000 (~13.77%)
2026-02-16T00:56:40Z Pre-synchronizing blockheaders, height: 128000 (~14.19%)
2026-02-16T00:56:40Z Pre-synchronizing blockheaders, height: 132000 (~14.62%)
2026-02-16T00:56:40Z tor: Thread interrupt
2026-02-16T00:56:40Z Shutdown in progress...
2026-02-16T00:56:40Z mapport thread exit
2026-02-16T00:56:40Z torcontrol thread exit
2026-02-16T00:56:40Z addcon thread exit
2026-02-16T00:56:40Z msghand thread exit
2026-02-16T00:56:40Z net thread exit
2026-02-16T00:56:44Z opencon thread exit
2026-02-16T00:56:44Z DumpAnchors: Flush 0 outbound block-relay-only peer addresses to anchors.dat started
2026-02-16T00:56:44Z DumpAnchors: Flush 0 outbound block-relay-only peer addresses to anchors.dat completed (0.00s)
2026-02-16T00:56:44Z scheduler thread exit
2026-02-16T00:56:44Z Writing 0 mempool transactions to file...
2026-02-16T00:56:44Z Writing 0 unbroadcast transactions to file.
2026-02-16T00:56:44Z Dumped mempool: 0.000s to copy, 0.010s to dump, 27 bytes dumped to file
2026-02-16T00:56:44Z Flushed fee estimates to fee_estimates.dat.
2026-02-16T00:56:44Z Shutdown done
